mode: set
istio.io/bots/policybot/pkg/storage/spanner/write.go:25.78,29.33 3 0
istio.io/bots/policybot/pkg/storage/spanner/write.go:36.2,37.12 2 0
istio.io/bots/policybot/pkg/storage/spanner/write.go:29.33,31.78 2 0
istio.io/bots/policybot/pkg/storage/spanner/write.go:31.78,33.4 1 0
istio.io/bots/policybot/pkg/storage/spanner/write.go:40.81,44.34 3 0
istio.io/bots/policybot/pkg/storage/spanner/write.go:51.2,52.12 2 0
istio.io/bots/policybot/pkg/storage/spanner/write.go:44.34,46.80 2 0
istio.io/bots/policybot/pkg/storage/spanner/write.go:46.80,48.4 1 0
istio.io/bots/policybot/pkg/storage/spanner/write.go:55.98,59.37 3 0
istio.io/bots/policybot/pkg/storage/spanner/write.go:66.2,67.12 2 0
istio.io/bots/policybot/pkg/storage/spanner/write.go:59.37,61.90 2 0
istio.io/bots/policybot/pkg/storage/spanner/write.go:61.90,63.4 1 0
istio.io/bots/policybot/pkg/storage/spanner/write.go:70.84,74.35 3 0
istio.io/bots/policybot/pkg/storage/spanner/write.go:81.2,82.12 2 0
istio.io/bots/policybot/pkg/storage/spanner/write.go:74.35,76.82 2 0
istio.io/bots/policybot/pkg/storage/spanner/write.go:76.82,78.4 1 0
istio.io/bots/policybot/pkg/storage/spanner/write.go:85.105,89.42 3 0
istio.io/bots/policybot/pkg/storage/spanner/write.go:96.2,97.12 2 0
istio.io/bots/policybot/pkg/storage/spanner/write.go:89.42,91.96 2 0
istio.io/bots/policybot/pkg/storage/spanner/write.go:91.96,93.4 1 0
istio.io/bots/policybot/pkg/storage/spanner/write.go:100.108,104.43 3 0
istio.io/bots/policybot/pkg/storage/spanner/write.go:111.2,112.12 2 0
istio.io/bots/policybot/pkg/storage/spanner/write.go:104.43,106.98 2 0
istio.io/bots/policybot/pkg/storage/spanner/write.go:106.98,108.4 1 0
istio.io/bots/policybot/pkg/storage/spanner/write.go:115.93,119.32 3 0
istio.io/bots/policybot/pkg/storage/spanner/write.go:126.2,127.12 2 0
istio.io/bots/policybot/pkg/storage/spanner/write.go:119.32,121.85 2 0
istio.io/bots/policybot/pkg/storage/spanner/write.go:121.85,123.4 1 0
istio.io/bots/policybot/pkg/storage/spanner/write.go:130.126,134.39 3 0
istio.io/bots/policybot/pkg/storage/spanner/write.go:141.2,142.12 2 0
istio.io/bots/policybot/pkg/storage/spanner/write.go:134.39,136.105 2 0
istio.io/bots/policybot/pkg/storage/spanner/write.go:136.105,138.4 1 0
istio.io/bots/policybot/pkg/storage/spanner/write.go:145.111,149.38 3 0
istio.io/bots/policybot/pkg/storage/spanner/write.go:156.2,157.12 2 0
istio.io/bots/policybot/pkg/storage/spanner/write.go:149.38,151.97 2 0
istio.io/bots/policybot/pkg/storage/spanner/write.go:151.97,153.4 1 0
istio.io/bots/policybot/pkg/storage/spanner/write.go:160.81,164.34 3 0
istio.io/bots/policybot/pkg/storage/spanner/write.go:171.2,172.12 2 0
istio.io/bots/policybot/pkg/storage/spanner/write.go:164.34,166.80 2 0
istio.io/bots/policybot/pkg/storage/spanner/write.go:166.80,168.4 1 0
istio.io/bots/policybot/pkg/storage/spanner/write.go:175.84,179.35 3 0
istio.io/bots/policybot/pkg/storage/spanner/write.go:186.2,187.12 2 0
istio.io/bots/policybot/pkg/storage/spanner/write.go:179.35,181.82 2 0
istio.io/bots/policybot/pkg/storage/spanner/write.go:181.82,183.4 1 0
istio.io/bots/policybot/pkg/storage/spanner/write.go:190.87,194.33 3 0
istio.io/bots/policybot/pkg/storage/spanner/write.go:201.2,201.116 1 0
istio.io/bots/policybot/pkg/storage/spanner/write.go:212.2,212.12 1 0
istio.io/bots/policybot/pkg/storage/spanner/write.go:194.33,196.72 2 0
istio.io/bots/policybot/pkg/storage/spanner/write.go:196.72,198.4 1 0
istio.io/bots/policybot/pkg/storage/spanner/write.go:201.116,204.48 2 0
istio.io/bots/policybot/pkg/storage/spanner/write.go:209.3,209.36 1 0
istio.io/bots/policybot/pkg/storage/spanner/write.go:204.48,204.62 1 0
istio.io/bots/policybot/pkg/storage/spanner/write.go:204.76,206.4 1 0
istio.io/bots/policybot/pkg/storage/spanner/write.go:215.99,219.41 3 0
istio.io/bots/policybot/pkg/storage/spanner/write.go:226.2,226.116 1 0
istio.io/bots/policybot/pkg/storage/spanner/write.go:237.2,237.12 1 0
istio.io/bots/policybot/pkg/storage/spanner/write.go:219.41,221.80 2 0
istio.io/bots/policybot/pkg/storage/spanner/write.go:221.80,223.4 1 0
istio.io/bots/policybot/pkg/storage/spanner/write.go:226.116,229.48 2 0
istio.io/bots/policybot/pkg/storage/spanner/write.go:234.3,234.36 1 0
istio.io/bots/policybot/pkg/storage/spanner/write.go:229.48,229.62 1 0
istio.io/bots/policybot/pkg/storage/spanner/write.go:229.76,231.4 1 0
istio.io/bots/policybot/pkg/storage/spanner/write.go:240.101,244.39 3 0
istio.io/bots/policybot/pkg/storage/spanner/write.go:251.2,252.12 2 0
istio.io/bots/policybot/pkg/storage/spanner/write.go:244.39,246.92 2 0
istio.io/bots/policybot/pkg/storage/spanner/write.go:246.92,248.4 1 0
istio.io/bots/policybot/pkg/storage/spanner/write.go:255.99,259.40 3 0
istio.io/bots/policybot/pkg/storage/spanner/write.go:266.2,267.12 2 0
istio.io/bots/policybot/pkg/storage/spanner/write.go:259.40,261.92 2 0
istio.io/bots/policybot/pkg/storage/spanner/write.go:261.92,263.4 1 0
istio.io/bots/policybot/pkg/storage/spanner/write.go:270.94,274.35 3 0
istio.io/bots/policybot/pkg/storage/spanner/write.go:281.2,282.12 2 0
istio.io/bots/policybot/pkg/storage/spanner/write.go:274.35,276.87 2 0
istio.io/bots/policybot/pkg/storage/spanner/write.go:276.87,278.4 1 0
istio.io/bots/policybot/pkg/storage/spanner/write.go:285.108,289.35 3 0
istio.io/bots/policybot/pkg/storage/spanner/write.go:296.2,297.12 2 0
istio.io/bots/policybot/pkg/storage/spanner/write.go:289.35,291.94 2 0
istio.io/bots/policybot/pkg/storage/spanner/write.go:291.94,293.4 1 0
istio.io/bots/policybot/pkg/storage/spanner/write.go:300.106,304.35 3 0
istio.io/bots/policybot/pkg/storage/spanner/write.go:311.2,312.12 2 0
istio.io/bots/policybot/pkg/storage/spanner/write.go:304.35,306.93 2 0
istio.io/bots/policybot/pkg/storage/spanner/write.go:306.93,308.4 1 0
istio.io/bots/policybot/pkg/storage/spanner/write.go:315.132,319.35 3 0
istio.io/bots/policybot/pkg/storage/spanner/write.go:326.2,327.12 2 0
istio.io/bots/policybot/pkg/storage/spanner/write.go:319.35,321.106 2 0
istio.io/bots/policybot/pkg/storage/spanner/write.go:321.106,323.4 1 0
istio.io/bots/policybot/pkg/storage/spanner/write.go:330.118,334.35 3 0
istio.io/bots/policybot/pkg/storage/spanner/write.go:341.2,342.12 2 0
istio.io/bots/policybot/pkg/storage/spanner/write.go:334.35,336.99 2 0
istio.io/bots/policybot/pkg/storage/spanner/write.go:336.99,338.4 1 0
istio.io/bots/policybot/pkg/storage/spanner/write.go:345.106,349.35 3 0
istio.io/bots/policybot/pkg/storage/spanner/write.go:356.2,357.12 2 0
istio.io/bots/policybot/pkg/storage/spanner/write.go:349.35,351.93 2 0
istio.io/bots/policybot/pkg/storage/spanner/write.go:351.93,353.4 1 0
istio.io/bots/policybot/pkg/storage/spanner/write.go:360.95,364.33 3 0
istio.io/bots/policybot/pkg/storage/spanner/write.go:371.2,372.12 2 0
istio.io/bots/policybot/pkg/storage/spanner/write.go:364.33,366.87 2 0
istio.io/bots/policybot/pkg/storage/spanner/write.go:366.87,368.4 1 0
istio.io/bots/policybot/pkg/storage/spanner/convert.go:26.114,27.33 1 1
istio.io/bots/policybot/pkg/storage/spanner/convert.go:37.2,37.108 1 0
istio.io/bots/policybot/pkg/storage/spanner/convert.go:27.33,28.41 1 1
istio.io/bots/policybot/pkg/storage/spanner/convert.go:28.41,30.18 2 1
istio.io/bots/policybot/pkg/storage/spanner/convert.go:34.4,34.14 1 1
istio.io/bots/policybot/pkg/storage/spanner/convert.go:30.18,33.5 1 0
istio.io/bots/policybot/pkg/storage/spanner/convert.go:40.61,41.11 1 1
istio.io/bots/policybot/pkg/storage/spanner/convert.go:41.11,43.3 1 1
istio.io/bots/policybot/pkg/storage/spanner/convert.go:43.8,45.3 1 1
istio.io/bots/policybot/pkg/storage/spanner/convert.go:55.57,57.78 2 1
istio.io/bots/policybot/pkg/storage/spanner/convert.go:60.2,63.45 4 1
istio.io/bots/policybot/pkg/storage/spanner/convert.go:106.2,106.12 1 1
istio.io/bots/policybot/pkg/storage/spanner/convert.go:57.78,59.3 1 0
istio.io/bots/policybot/pkg/storage/spanner/convert.go:63.45,65.30 2 1
istio.io/bots/policybot/pkg/storage/spanner/convert.go:68.3,68.48 1 1
istio.io/bots/policybot/pkg/storage/spanner/convert.go:65.30,66.12 1 0
istio.io/bots/policybot/pkg/storage/spanner/convert.go:69.16,71.79 2 1
istio.io/bots/policybot/pkg/storage/spanner/convert.go:74.4,74.57 1 1
istio.io/bots/policybot/pkg/storage/spanner/convert.go:75.15,77.79 2 1
istio.io/bots/policybot/pkg/storage/spanner/convert.go:80.4,80.53 1 1
istio.io/bots/policybot/pkg/storage/spanner/convert.go:81.14,83.79 2 1
istio.io/bots/policybot/pkg/storage/spanner/convert.go:86.4,86.52 1 1
istio.io/bots/policybot/pkg/storage/spanner/convert.go:87.17,89.79 2 1
istio.io/bots/policybot/pkg/storage/spanner/convert.go:92.4,92.55 1 1
istio.io/bots/policybot/pkg/storage/spanner/convert.go:93.19,95.79 2 1
istio.io/bots/policybot/pkg/storage/spanner/convert.go:98.4,98.52 1 1
istio.io/bots/policybot/pkg/storage/spanner/convert.go:99.11,101.113 1 1
istio.io/bots/policybot/pkg/storage/spanner/convert.go:71.79,73.5 1 0
istio.io/bots/policybot/pkg/storage/spanner/convert.go:77.79,79.5 1 0
istio.io/bots/policybot/pkg/storage/spanner/convert.go:83.79,85.5 1 0
istio.io/bots/policybot/pkg/storage/spanner/convert.go:89.79,91.5 1 0
istio.io/bots/policybot/pkg/storage/spanner/convert.go:95.79,97.5 1 0
istio.io/bots/policybot/pkg/storage/spanner/convert.go:101.113,103.5 1 0
istio.io/bots/policybot/pkg/storage/spanner/convert.go:112.75,114.16 2 1
istio.io/bots/policybot/pkg/storage/spanner/convert.go:117.2,117.47 1 1
istio.io/bots/policybot/pkg/storage/spanner/convert.go:114.16,116.3 1 0
istio.io/bots/policybot/pkg/storage/spanner/convert.go:123.83,125.16 2 1
istio.io/bots/policybot/pkg/storage/spanner/convert.go:128.2,128.55 1 1
istio.io/bots/policybot/pkg/storage/spanner/convert.go:125.16,127.3 1 0
istio.io/bots/policybot/pkg/storage/spanner/convert.go:133.67,136.38 3 1
istio.io/bots/policybot/pkg/storage/spanner/convert.go:140.2,140.41 1 1
istio.io/bots/policybot/pkg/storage/spanner/convert.go:144.2,146.45 3 1
istio.io/bots/policybot/pkg/storage/spanner/convert.go:192.2,192.24 1 1
istio.io/bots/policybot/pkg/storage/spanner/convert.go:136.38,139.3 2 0
istio.io/bots/policybot/pkg/storage/spanner/convert.go:140.41,142.3 1 0
istio.io/bots/policybot/pkg/storage/spanner/convert.go:146.45,149.48 3 1
istio.io/bots/policybot/pkg/storage/spanner/convert.go:152.3,152.20 1 1
istio.io/bots/policybot/pkg/storage/spanner/convert.go:155.3,156.53 2 1
istio.io/bots/policybot/pkg/storage/spanner/convert.go:149.48,150.12 1 0
istio.io/bots/policybot/pkg/storage/spanner/convert.go:152.20,154.4 1 1
istio.io/bots/policybot/pkg/storage/spanner/convert.go:157.16,159.37 2 1
istio.io/bots/policybot/pkg/storage/spanner/convert.go:162.4,162.27 1 1
istio.io/bots/policybot/pkg/storage/spanner/convert.go:163.15,165.37 2 1
istio.io/bots/policybot/pkg/storage/spanner/convert.go:168.4,168.27 1 1
istio.io/bots/policybot/pkg/storage/spanner/convert.go:169.14,171.37 2 1
istio.io/bots/policybot/pkg/storage/spanner/convert.go:174.4,174.27 1 1
istio.io/bots/policybot/pkg/storage/spanner/convert.go:175.17,177.37 2 1
istio.io/bots/policybot/pkg/storage/spanner/convert.go:180.4,180.27 1 1
istio.io/bots/policybot/pkg/storage/spanner/convert.go:181.19,183.37 2 1
istio.io/bots/policybot/pkg/storage/spanner/convert.go:186.4,186.27 1 1
istio.io/bots/policybot/pkg/storage/spanner/convert.go:187.11,189.55 1 1
istio.io/bots/policybot/pkg/storage/spanner/convert.go:159.37,161.5 1 1
istio.io/bots/policybot/pkg/storage/spanner/convert.go:165.37,167.5 1 1
istio.io/bots/policybot/pkg/storage/spanner/convert.go:171.37,173.5 1 1
istio.io/bots/policybot/pkg/storage/spanner/convert.go:177.37,179.5 1 1
istio.io/bots/policybot/pkg/storage/spanner/convert.go:183.37,185.5 1 1
istio.io/bots/policybot/pkg/storage/spanner/query.go:28.114,30.46 2 0
istio.io/bots/policybot/pkg/storage/spanner/query.go:39.2,39.12 1 0
istio.io/bots/policybot/pkg/storage/spanner/query.go:30.46,32.50 2 0
istio.io/bots/policybot/pkg/storage/spanner/query.go:36.3,36.20 1 0
istio.io/bots/policybot/pkg/storage/spanner/query.go:32.50,34.4 1 0
istio.io/bots/policybot/pkg/storage/spanner/query.go:42.122,44.46 2 0
istio.io/bots/policybot/pkg/storage/spanner/query.go:53.2,53.12 1 0
istio.io/bots/policybot/pkg/storage/spanner/query.go:44.46,46.54 2 0
istio.io/bots/policybot/pkg/storage/spanner/query.go:50.3,50.24 1 0
istio.io/bots/policybot/pkg/storage/spanner/query.go:46.54,48.4 1 0
istio.io/bots/policybot/pkg/storage/spanner/query.go:56.107,59.46 2 0
istio.io/bots/policybot/pkg/storage/spanner/query.go:68.2,68.12 1 0
istio.io/bots/policybot/pkg/storage/spanner/query.go:59.46,61.49 2 0
istio.io/bots/policybot/pkg/storage/spanner/query.go:65.3,65.19 1 0
istio.io/bots/policybot/pkg/storage/spanner/query.go:61.49,63.4 1 0
istio.io/bots/policybot/pkg/storage/spanner/query.go:71.130,74.46 2 0
istio.io/bots/policybot/pkg/storage/spanner/query.go:83.2,83.12 1 0
istio.io/bots/policybot/pkg/storage/spanner/query.go:74.46,76.49 2 0
istio.io/bots/policybot/pkg/storage/spanner/query.go:80.3,80.19 1 0
istio.io/bots/policybot/pkg/storage/spanner/query.go:76.49,78.4 1 0
istio.io/bots/policybot/pkg/storage/spanner/query.go:86.111,89.46 2 0
istio.io/bots/policybot/pkg/storage/spanner/query.go:98.2,98.12 1 0
istio.io/bots/policybot/pkg/storage/spanner/query.go:89.46,91.49 2 0
istio.io/bots/policybot/pkg/storage/spanner/query.go:95.3,95.19 1 0
istio.io/bots/policybot/pkg/storage/spanner/query.go:91.49,93.4 1 0
istio.io/bots/policybot/pkg/storage/spanner/query.go:100.160,110.46 7 0
istio.io/bots/policybot/pkg/storage/spanner/query.go:119.2,119.12 1 0
istio.io/bots/policybot/pkg/storage/spanner/query.go:110.46,112.54 2 0
istio.io/bots/policybot/pkg/storage/spanner/query.go:116.3,116.24 1 0
istio.io/bots/policybot/pkg/storage/spanner/query.go:112.54,114.4 1 0
istio.io/bots/policybot/pkg/storage/spanner/query.go:123.128,135.46 8 0
istio.io/bots/policybot/pkg/storage/spanner/query.go:144.2,144.12 1 0
istio.io/bots/policybot/pkg/storage/spanner/query.go:135.46,137.54 2 0
istio.io/bots/policybot/pkg/storage/spanner/query.go:141.3,141.24 1 0
istio.io/bots/policybot/pkg/storage/spanner/query.go:137.54,139.4 1 0
istio.io/bots/policybot/pkg/storage/spanner/query.go:147.141,156.46 6 0
istio.io/bots/policybot/pkg/storage/spanner/query.go:165.2,165.12 1 0
istio.io/bots/policybot/pkg/storage/spanner/query.go:156.46,158.54 2 0
istio.io/bots/policybot/pkg/storage/spanner/query.go:162.3,162.24 1 0
istio.io/bots/policybot/pkg/storage/spanner/query.go:158.54,160.4 1 0
istio.io/bots/policybot/pkg/storage/spanner/query.go:169.137,177.46 6 0
istio.io/bots/policybot/pkg/storage/spanner/query.go:186.2,186.12 1 0
istio.io/bots/policybot/pkg/storage/spanner/query.go:177.46,179.54 2 0
istio.io/bots/policybot/pkg/storage/spanner/query.go:183.3,183.24 1 0
istio.io/bots/policybot/pkg/storage/spanner/query.go:179.54,181.4 1 0
istio.io/bots/policybot/pkg/storage/spanner/query.go:189.151,199.46 7 0
istio.io/bots/policybot/pkg/storage/spanner/query.go:208.2,208.12 1 0
istio.io/bots/policybot/pkg/storage/spanner/query.go:199.46,201.54 2 0
istio.io/bots/policybot/pkg/storage/spanner/query.go:205.3,205.24 1 0
istio.io/bots/policybot/pkg/storage/spanner/query.go:201.54,203.4 1 0
istio.io/bots/policybot/pkg/storage/spanner/query.go:211.119,224.43 7 0
istio.io/bots/policybot/pkg/storage/spanner/query.go:232.2,233.42 2 0
istio.io/bots/policybot/pkg/storage/spanner/query.go:236.2,236.20 1 0
istio.io/bots/policybot/pkg/storage/spanner/query.go:224.43,226.50 2 0
istio.io/bots/policybot/pkg/storage/spanner/query.go:229.3,230.13 2 0
istio.io/bots/policybot/pkg/storage/spanner/query.go:226.50,228.4 1 0
istio.io/bots/policybot/pkg/storage/spanner/query.go:233.42,235.3 1 0
istio.io/bots/policybot/pkg/storage/spanner/query.go:239.128,246.38 3 0
istio.io/bots/policybot/pkg/storage/spanner/query.go:266.2,266.45 1 0
istio.io/bots/policybot/pkg/storage/spanner/query.go:322.2,322.38 1 0
istio.io/bots/policybot/pkg/storage/spanner/query.go:330.2,330.45 1 0
istio.io/bots/policybot/pkg/storage/spanner/query.go:390.2,390.38 1 0
istio.io/bots/policybot/pkg/storage/spanner/query.go:398.2,398.45 1 0
istio.io/bots/policybot/pkg/storage/spanner/query.go:460.2,460.45 1 0
istio.io/bots/policybot/pkg/storage/spanner/query.go:466.2,466.18 1 0
istio.io/bots/policybot/pkg/storage/spanner/query.go:246.38,252.10 5 0
istio.io/bots/policybot/pkg/storage/spanner/query.go:259.3,262.37 2 0
istio.io/bots/policybot/pkg/storage/spanner/query.go:252.10,258.4 3 0
istio.io/bots/policybot/pkg/storage/spanner/query.go:266.45,276.47 2 0
istio.io/bots/policybot/pkg/storage/spanner/query.go:312.3,312.27 1 0
istio.io/bots/policybot/pkg/storage/spanner/query.go:316.3,316.17 1 0
istio.io/bots/policybot/pkg/storage/spanner/query.go:276.47,279.48 2 0
istio.io/bots/policybot/pkg/storage/spanner/query.go:284.4,284.42 1 0
istio.io/bots/policybot/pkg/storage/spanner/query.go:304.4,304.39 1 0
istio.io/bots/policybot/pkg/storage/spanner/query.go:309.4,309.14 1 0
istio.io/bots/policybot/pkg/storage/spanner/query.go:279.48,281.5 1 0
istio.io/bots/policybot/pkg/storage/spanner/query.go:284.42,285.35 1 0
istio.io/bots/policybot/pkg/storage/spanner/query.go:285.35,286.37 1 0
istio.io/bots/policybot/pkg/storage/spanner/query.go:286.37,294.47 4 0
istio.io/bots/policybot/pkg/storage/spanner/query.go:298.7,299.12 2 0
istio.io/bots/policybot/pkg/storage/spanner/query.go:294.47,296.8 1 0
istio.io/bots/policybot/pkg/storage/spanner/query.go:304.39,307.5 1 0
istio.io/bots/policybot/pkg/storage/spanner/query.go:312.27,314.4 1 0
istio.io/bots/policybot/pkg/storage/spanner/query.go:316.17,318.4 1 0
istio.io/bots/policybot/pkg/storage/spanner/query.go:322.38,327.3 4 0
istio.io/bots/policybot/pkg/storage/spanner/query.go:330.45,339.47 2 0
istio.io/bots/policybot/pkg/storage/spanner/query.go:380.3,380.27 1 0
istio.io/bots/policybot/pkg/storage/spanner/query.go:384.3,384.17 1 0
istio.io/bots/policybot/pkg/storage/spanner/query.go:339.47,342.47 2 0
istio.io/bots/policybot/pkg/storage/spanner/query.go:346.4,347.18 2 0
istio.io/bots/policybot/pkg/storage/spanner/query.go:352.4,352.42 1 0
istio.io/bots/policybot/pkg/storage/spanner/query.go:372.4,372.39 1 0
istio.io/bots/policybot/pkg/storage/spanner/query.go:377.4,377.14 1 0
istio.io/bots/policybot/pkg/storage/spanner/query.go:342.47,344.5 1 0
istio.io/bots/policybot/pkg/storage/spanner/query.go:347.18,349.5 1 0
istio.io/bots/policybot/pkg/storage/spanner/query.go:352.42,353.35 1 0
istio.io/bots/policybot/pkg/storage/spanner/query.go:353.35,354.37 1 0
istio.io/bots/policybot/pkg/storage/spanner/query.go:354.37,362.47 4 0
istio.io/bots/policybot/pkg/storage/spanner/query.go:366.7,367.12 2 0
istio.io/bots/policybot/pkg/storage/spanner/query.go:362.47,364.8 1 0
istio.io/bots/policybot/pkg/storage/spanner/query.go:372.39,375.5 1 0
istio.io/bots/policybot/pkg/storage/spanner/query.go:380.27,382.4 1 0
istio.io/bots/policybot/pkg/storage/spanner/query.go:384.17,386.4 1 0
istio.io/bots/policybot/pkg/storage/spanner/query.go:390.38,395.3 4 0
istio.io/bots/policybot/pkg/storage/spanner/query.go:398.45,407.47 2 0
istio.io/bots/policybot/pkg/storage/spanner/query.go:450.3,450.27 1 0
istio.io/bots/policybot/pkg/storage/spanner/query.go:454.3,454.17 1 0
istio.io/bots/policybot/pkg/storage/spanner/query.go:407.47,410.47 2 0
istio.io/bots/policybot/pkg/storage/spanner/query.go:414.4,415.18 2 0
istio.io/bots/policybot/pkg/storage/spanner/query.go:422.4,422.42 1 0
istio.io/bots/policybot/pkg/storage/spanner/query.go:442.4,442.39 1 0
istio.io/bots/policybot/pkg/storage/spanner/query.go:447.4,447.14 1 0
istio.io/bots/policybot/pkg/storage/spanner/query.go:410.47,412.5 1 0
istio.io/bots/policybot/pkg/storage/spanner/query.go:415.18,417.5 1 0
istio.io/bots/policybot/pkg/storage/spanner/query.go:417.10,417.24 1 0
istio.io/bots/policybot/pkg/storage/spanner/query.go:417.24,419.5 1 0
istio.io/bots/policybot/pkg/storage/spanner/query.go:422.42,423.35 1 0
istio.io/bots/policybot/pkg/storage/spanner/query.go:423.35,424.37 1 0
istio.io/bots/policybot/pkg/storage/spanner/query.go:424.37,432.47 4 0
istio.io/bots/policybot/pkg/storage/spanner/query.go:436.7,437.12 2 0
istio.io/bots/policybot/pkg/storage/spanner/query.go:432.47,434.8 1 0
istio.io/bots/policybot/pkg/storage/spanner/query.go:442.39,445.5 1 0
istio.io/bots/policybot/pkg/storage/spanner/query.go:450.27,452.4 1 0
istio.io/bots/policybot/pkg/storage/spanner/query.go:454.17,456.4 1 0
istio.io/bots/policybot/pkg/storage/spanner/query.go:460.45,461.122 1 0
istio.io/bots/policybot/pkg/storage/spanner/query.go:461.122,463.4 1 0
istio.io/bots/policybot/pkg/storage/spanner/query.go:469.136,474.37 2 0
istio.io/bots/policybot/pkg/storage/spanner/query.go:497.2,497.18 1 0
istio.io/bots/policybot/pkg/storage/spanner/query.go:474.37,479.114 4 0
istio.io/bots/policybot/pkg/storage/spanner/query.go:483.3,483.111 1 0
istio.io/bots/policybot/pkg/storage/spanner/query.go:488.3,492.61 1 0
istio.io/bots/policybot/pkg/storage/spanner/query.go:479.114,481.4 1 0
istio.io/bots/policybot/pkg/storage/spanner/query.go:483.111,485.4 1 0
istio.io/bots/policybot/pkg/storage/spanner/query.go:492.61,494.4 1 0
istio.io/bots/policybot/pkg/storage/spanner/query.go:501.72,513.46 2 0
istio.io/bots/policybot/pkg/storage/spanner/query.go:531.2,531.16 1 0
istio.io/bots/policybot/pkg/storage/spanner/query.go:535.2,550.45 2 0
istio.io/bots/policybot/pkg/storage/spanner/query.go:568.2,568.16 1 0
istio.io/bots/policybot/pkg/storage/spanner/query.go:572.2,582.45 2 0
istio.io/bots/policybot/pkg/storage/spanner/query.go:600.2,600.12 1 0
istio.io/bots/policybot/pkg/storage/spanner/query.go:513.46,515.46 2 0
istio.io/bots/policybot/pkg/storage/spanner/query.go:519.3,524.43 2 0
istio.io/bots/policybot/pkg/storage/spanner/query.go:528.3,528.13 1 0
istio.io/bots/policybot/pkg/storage/spanner/query.go:515.46,517.4 1 0
istio.io/bots/policybot/pkg/storage/spanner/query.go:524.43,526.4 1 0
istio.io/bots/policybot/pkg/storage/spanner/query.go:531.16,533.3 1 0
istio.io/bots/policybot/pkg/storage/spanner/query.go:550.45,552.46 2 0
istio.io/bots/policybot/pkg/storage/spanner/query.go:556.3,561.43 2 0
istio.io/bots/policybot/pkg/storage/spanner/query.go:565.3,565.13 1 0
istio.io/bots/policybot/pkg/storage/spanner/query.go:552.46,554.4 1 0
istio.io/bots/policybot/pkg/storage/spanner/query.go:561.43,563.4 1 0
istio.io/bots/policybot/pkg/storage/spanner/query.go:568.16,570.3 1 0
istio.io/bots/policybot/pkg/storage/spanner/query.go:582.45,584.46 2 0
istio.io/bots/policybot/pkg/storage/spanner/query.go:588.3,593.43 2 0
istio.io/bots/policybot/pkg/storage/spanner/query.go:597.3,597.13 1 0
istio.io/bots/policybot/pkg/storage/spanner/query.go:584.46,586.4 1 0
istio.io/bots/policybot/pkg/storage/spanner/query.go:593.43,595.4 1 0
istio.io/bots/policybot/pkg/storage/spanner/query.go:604.72,618.46 3 0
istio.io/bots/policybot/pkg/storage/spanner/query.go:636.2,636.16 1 0
istio.io/bots/policybot/pkg/storage/spanner/query.go:640.2,649.45 2 0
istio.io/bots/policybot/pkg/storage/spanner/query.go:667.2,667.16 1 0
istio.io/bots/policybot/pkg/storage/spanner/query.go:671.2,680.45 2 0
istio.io/bots/policybot/pkg/storage/spanner/query.go:700.2,702.12 2 0
istio.io/bots/policybot/pkg/storage/spanner/query.go:618.46,620.46 2 0
istio.io/bots/policybot/pkg/storage/spanner/query.go:624.3,629.43 2 0
istio.io/bots/policybot/pkg/storage/spanner/query.go:633.3,633.13 1 0
istio.io/bots/policybot/pkg/storage/spanner/query.go:620.46,622.4 1 0
istio.io/bots/policybot/pkg/storage/spanner/query.go:629.43,631.4 1 0
istio.io/bots/policybot/pkg/storage/spanner/query.go:636.16,638.3 1 0
istio.io/bots/policybot/pkg/storage/spanner/query.go:649.45,651.46 2 0
istio.io/bots/policybot/pkg/storage/spanner/query.go:655.3,660.43 2 0
istio.io/bots/policybot/pkg/storage/spanner/query.go:664.3,664.13 1 0
istio.io/bots/policybot/pkg/storage/spanner/query.go:651.46,653.4 1 0
istio.io/bots/policybot/pkg/storage/spanner/query.go:660.43,662.4 1 0
istio.io/bots/policybot/pkg/storage/spanner/query.go:667.16,669.3 1 0
istio.io/bots/policybot/pkg/storage/spanner/query.go:680.45,682.46 2 0
istio.io/bots/policybot/pkg/storage/spanner/query.go:686.3,686.64 1 0
istio.io/bots/policybot/pkg/storage/spanner/query.go:693.3,693.43 1 0
istio.io/bots/policybot/pkg/storage/spanner/query.go:697.3,697.13 1 0
istio.io/bots/policybot/pkg/storage/spanner/query.go:682.46,684.4 1 0
istio.io/bots/policybot/pkg/storage/spanner/query.go:686.64,691.4 1 0
istio.io/bots/policybot/pkg/storage/spanner/query.go:693.43,695.4 1 0
istio.io/bots/policybot/pkg/storage/spanner/read.go:26.88,28.44 2 0
istio.io/bots/policybot/pkg/storage/spanner/read.go:34.2,35.50 2 0
istio.io/bots/policybot/pkg/storage/spanner/read.go:39.2,39.21 1 0
istio.io/bots/policybot/pkg/storage/spanner/read.go:28.44,30.3 1 0
istio.io/bots/policybot/pkg/storage/spanner/read.go:30.8,30.23 1 0
istio.io/bots/policybot/pkg/storage/spanner/read.go:30.23,32.3 1 0
istio.io/bots/policybot/pkg/storage/spanner/read.go:35.50,37.3 1 0
istio.io/bots/policybot/pkg/storage/spanner/read.go:42.107,44.44 2 0
istio.io/bots/policybot/pkg/storage/spanner/read.go:50.2,51.50 2 0
istio.io/bots/policybot/pkg/storage/spanner/read.go:55.2,55.21 1 0
istio.io/bots/policybot/pkg/storage/spanner/read.go:44.44,46.3 1 0
istio.io/bots/policybot/pkg/storage/spanner/read.go:46.8,46.23 1 0
istio.io/bots/policybot/pkg/storage/spanner/read.go:46.23,48.3 1 0
istio.io/bots/policybot/pkg/storage/spanner/read.go:51.50,53.3 1 0
istio.io/bots/policybot/pkg/storage/spanner/read.go:58.126,60.44 2 0
istio.io/bots/policybot/pkg/storage/spanner/read.go:66.2,67.50 2 0
istio.io/bots/policybot/pkg/storage/spanner/read.go:71.2,71.21 1 0
istio.io/bots/policybot/pkg/storage/spanner/read.go:60.44,62.3 1 0
istio.io/bots/policybot/pkg/storage/spanner/read.go:62.8,62.23 1 0
istio.io/bots/policybot/pkg/storage/spanner/read.go:62.23,64.3 1 0
istio.io/bots/policybot/pkg/storage/spanner/read.go:67.50,69.3 1 0
istio.io/bots/policybot/pkg/storage/spanner/read.go:74.160,77.44 2 0
istio.io/bots/policybot/pkg/storage/spanner/read.go:83.2,84.50 2 0
istio.io/bots/policybot/pkg/storage/spanner/read.go:88.2,88.21 1 0
istio.io/bots/policybot/pkg/storage/spanner/read.go:77.44,79.3 1 0
istio.io/bots/policybot/pkg/storage/spanner/read.go:79.8,79.23 1 0
istio.io/bots/policybot/pkg/storage/spanner/read.go:79.23,81.3 1 0
istio.io/bots/policybot/pkg/storage/spanner/read.go:84.50,86.3 1 0
istio.io/bots/policybot/pkg/storage/spanner/read.go:91.142,93.44 2 0
istio.io/bots/policybot/pkg/storage/spanner/read.go:99.2,100.50 2 0
istio.io/bots/policybot/pkg/storage/spanner/read.go:104.2,104.21 1 0
istio.io/bots/policybot/pkg/storage/spanner/read.go:93.44,95.3 1 0
istio.io/bots/policybot/pkg/storage/spanner/read.go:95.8,95.23 1 0
istio.io/bots/policybot/pkg/storage/spanner/read.go:95.23,97.3 1 0
istio.io/bots/policybot/pkg/storage/spanner/read.go:100.50,102.3 1 0
istio.io/bots/policybot/pkg/storage/spanner/read.go:107.135,109.44 2 0
istio.io/bots/policybot/pkg/storage/spanner/read.go:115.2,116.50 2 0
istio.io/bots/policybot/pkg/storage/spanner/read.go:120.2,120.21 1 0
istio.io/bots/policybot/pkg/storage/spanner/read.go:109.44,111.3 1 0
istio.io/bots/policybot/pkg/storage/spanner/read.go:111.8,111.23 1 0
istio.io/bots/policybot/pkg/storage/spanner/read.go:111.23,113.3 1 0
istio.io/bots/policybot/pkg/storage/spanner/read.go:116.50,118.3 1 0
istio.io/bots/policybot/pkg/storage/spanner/read.go:124.62,127.44 2 0
istio.io/bots/policybot/pkg/storage/spanner/read.go:133.2,134.50 2 0
istio.io/bots/policybot/pkg/storage/spanner/read.go:138.2,138.21 1 0
istio.io/bots/policybot/pkg/storage/spanner/read.go:127.44,129.3 1 0
istio.io/bots/policybot/pkg/storage/spanner/read.go:129.8,129.23 1 0
istio.io/bots/policybot/pkg/storage/spanner/read.go:129.23,131.3 1 0
istio.io/bots/policybot/pkg/storage/spanner/read.go:134.50,136.3 1 0
istio.io/bots/policybot/pkg/storage/spanner/read.go:142.63,145.44 2 0
istio.io/bots/policybot/pkg/storage/spanner/read.go:151.2,152.50 2 0
istio.io/bots/policybot/pkg/storage/spanner/read.go:156.2,156.21 1 0
istio.io/bots/policybot/pkg/storage/spanner/read.go:145.44,147.3 1 0
istio.io/bots/policybot/pkg/storage/spanner/read.go:147.8,147.23 1 0
istio.io/bots/policybot/pkg/storage/spanner/read.go:147.23,149.3 1 0
istio.io/bots/policybot/pkg/storage/spanner/read.go:152.50,154.3 1 0
istio.io/bots/policybot/pkg/storage/spanner/read.go:159.127,161.44 2 0
istio.io/bots/policybot/pkg/storage/spanner/read.go:167.2,168.50 2 0
istio.io/bots/policybot/pkg/storage/spanner/read.go:172.2,172.21 1 0
istio.io/bots/policybot/pkg/storage/spanner/read.go:161.44,163.3 1 0
istio.io/bots/policybot/pkg/storage/spanner/read.go:163.8,163.23 1 0
istio.io/bots/policybot/pkg/storage/spanner/read.go:163.23,165.3 1 0
istio.io/bots/policybot/pkg/storage/spanner/read.go:168.50,170.3 1 0
istio.io/bots/policybot/pkg/storage/spanner/read.go:175.91,177.44 2 0
istio.io/bots/policybot/pkg/storage/spanner/read.go:183.2,184.50 2 0
istio.io/bots/policybot/pkg/storage/spanner/read.go:188.2,188.21 1 0
istio.io/bots/policybot/pkg/storage/spanner/read.go:177.44,179.3 1 0
istio.io/bots/policybot/pkg/storage/spanner/read.go:179.8,179.23 1 0
istio.io/bots/policybot/pkg/storage/spanner/read.go:179.23,181.3 1 0
istio.io/bots/policybot/pkg/storage/spanner/read.go:184.50,186.3 1 0
istio.io/bots/policybot/pkg/storage/spanner/read.go:191.121,193.44 2 0
istio.io/bots/policybot/pkg/storage/spanner/read.go:199.2,200.50 2 0
istio.io/bots/policybot/pkg/storage/spanner/read.go:204.2,204.21 1 0
istio.io/bots/policybot/pkg/storage/spanner/read.go:193.44,195.3 1 0
istio.io/bots/policybot/pkg/storage/spanner/read.go:195.8,195.23 1 0
istio.io/bots/policybot/pkg/storage/spanner/read.go:195.23,197.3 1 0
istio.io/bots/policybot/pkg/storage/spanner/read.go:200.50,202.3 1 0
istio.io/bots/policybot/pkg/storage/spanner/read.go:208.104,210.44 2 0
istio.io/bots/policybot/pkg/storage/spanner/read.go:215.2,216.50 2 0
istio.io/bots/policybot/pkg/storage/spanner/read.go:220.2,220.21 1 0
istio.io/bots/policybot/pkg/storage/spanner/read.go:210.44,212.3 1 0
istio.io/bots/policybot/pkg/storage/spanner/read.go:212.8,212.23 1 0
istio.io/bots/policybot/pkg/storage/spanner/read.go:212.23,214.3 1 0
istio.io/bots/policybot/pkg/storage/spanner/read.go:216.50,218.3 1 0
istio.io/bots/policybot/pkg/storage/spanner/read.go:223.120,225.44 2 0
istio.io/bots/policybot/pkg/storage/spanner/read.go:231.2,232.50 2 0
istio.io/bots/policybot/pkg/storage/spanner/read.go:236.2,236.21 1 0
istio.io/bots/policybot/pkg/storage/spanner/read.go:225.44,227.3 1 0
istio.io/bots/policybot/pkg/storage/spanner/read.go:227.8,227.23 1 0
istio.io/bots/policybot/pkg/storage/spanner/read.go:227.23,229.3 1 0
istio.io/bots/policybot/pkg/storage/spanner/read.go:232.50,234.3 1 0
istio.io/bots/policybot/pkg/storage/spanner/read.go:239.112,241.44 2 0
istio.io/bots/policybot/pkg/storage/spanner/read.go:247.2,248.50 2 0
istio.io/bots/policybot/pkg/storage/spanner/read.go:252.2,252.21 1 0
istio.io/bots/policybot/pkg/storage/spanner/read.go:241.44,243.3 1 0
istio.io/bots/policybot/pkg/storage/spanner/read.go:243.8,243.23 1 0
istio.io/bots/policybot/pkg/storage/spanner/read.go:243.23,245.3 1 0
istio.io/bots/policybot/pkg/storage/spanner/read.go:248.50,250.3 1 0
istio.io/bots/policybot/pkg/storage/spanner/schema.go:73.42,75.2 1 0
istio.io/bots/policybot/pkg/storage/spanner/schema.go:77.60,79.2 1 0
istio.io/bots/policybot/pkg/storage/spanner/schema.go:81.44,83.2 1 0
istio.io/bots/policybot/pkg/storage/spanner/schema.go:85.79,87.2 1 0
istio.io/bots/policybot/pkg/storage/spanner/schema.go:89.80,91.2 1 0
istio.io/bots/policybot/pkg/storage/spanner/schema.go:93.104,95.2 1 0
istio.io/bots/policybot/pkg/storage/spanner/schema.go:97.88,99.2 1 0
istio.io/bots/policybot/pkg/storage/spanner/schema.go:101.83,103.2 1 0
istio.io/bots/policybot/pkg/storage/spanner/schema.go:105.113,107.2 1 0
istio.io/bots/policybot/pkg/storage/spanner/schema.go:109.105,111.2 1 0
istio.io/bots/policybot/pkg/storage/spanner/schema.go:113.67,115.2 1 0
istio.io/bots/policybot/pkg/storage/spanner/schema.go:117.67,119.2 1 0
istio.io/bots/policybot/pkg/storage/spanner/schema.go:121.63,123.2 1 0
istio.io/bots/policybot/pkg/storage/spanner/schema.go:125.113,127.2 1 0
istio.io/bots/policybot/pkg/storage/spanner/schema.go:129.13,143.2 13 1
istio.io/bots/policybot/pkg/storage/spanner/schema.go:146.40,149.36 3 1
istio.io/bots/policybot/pkg/storage/spanner/schema.go:153.2,153.15 1 1
istio.io/bots/policybot/pkg/storage/spanner/schema.go:149.36,151.3 1 1
istio.io/bots/policybot/pkg/storage/spanner/store.go:35.97,37.16 2 0
istio.io/bots/policybot/pkg/storage/spanner/store.go:41.2,43.8 1 0
istio.io/bots/policybot/pkg/storage/spanner/store.go:37.16,39.3 1 0
istio.io/bots/policybot/pkg/storage/spanner/store.go:46.30,49.2 2 0
istio.io/bots/policybot/pkg/storage/spanner/update.go:27.133,30.116 2 0
istio.io/bots/policybot/pkg/storage/spanner/update.go:58.2,58.12 1 0
istio.io/bots/policybot/pkg/storage/spanner/update.go:30.116,35.45 3 0
istio.io/bots/policybot/pkg/storage/spanner/update.go:44.3,45.17 2 0
istio.io/bots/policybot/pkg/storage/spanner/update.go:49.3,50.17 2 0
istio.io/bots/policybot/pkg/storage/spanner/update.go:55.3,55.56 1 0
istio.io/bots/policybot/pkg/storage/spanner/update.go:35.45,38.4 2 0
istio.io/bots/policybot/pkg/storage/spanner/update.go:38.9,38.24 1 0
istio.io/bots/policybot/pkg/storage/spanner/update.go:38.24,40.4 1 0
istio.io/bots/policybot/pkg/storage/spanner/update.go:40.9,40.57 1 0
istio.io/bots/policybot/pkg/storage/spanner/update.go:40.57,42.4 1 0
istio.io/bots/policybot/pkg/storage/spanner/update.go:45.17,47.4 1 0
istio.io/bots/policybot/pkg/storage/spanner/update.go:50.17,52.4 1 0
